<?xml version="1.0" encoding="UTF-8"?>
<!-- Generated by org.testng.reporters.JUnitReportReporter -->
<testsuite hostname="LAPTOP-HN0PDKIO" failures="0" tests="1" name="testNG.WindowSwitching" time="1.196" errors="0" timestamp="2024-11-15T12:29:03 IST" skipped="0">
  <testcase classname="testNG.WindowSwitching" name="func" time="1.196"/>
  <system-out/>
</testsuite> <!-- testNG.WindowSwitching -->
