<?xml version="1.0" encoding="UTF-8"?>
<!-- Generated by org.testng.reporters.JUnitReportReporter -->
<testsuite hostname="LAPTOP-HN0PDKIO" failures="0" tests="1" name="testNG.DragDrop" time="0.682" errors="0" timestamp="2024-11-13T11:54:22 IST" skipped="0">
  <testcase classname="testNG.DragDrop" name="dragAndDrop" time="0.682"/>
  <system-out/>
</testsuite> <!-- testNG.DragDrop -->
