<?xml version="1.0" encoding="UTF-8"?>
<!-- Generated by org.testng.reporters.JUnitReportReporter -->
<testsuite hostname="LAPTOP-HN0PDKIO" failures="0" tests="5" name="testNG.TestNGdemo" time="0.020" errors="0" timestamp="2024-11-14T10:35:18 IST" skipped="1">
  <testcase classname="testNG.TestNGdemo" name="test3" time="0.001"/>
  <system-out/>
  <testcase classname="testNG.TestNGdemo" name="test1" time="0.013"/>
  <system-out/>
  <testcase classname="testNG.TestNGdemo" name="test1" time="0.003"/>
  <system-out/>
  <testcase classname="testNG.TestNGdemo" name="test1" time="0.003"/>
  <system-out/>
  <testcase classname="testNG.TestNGdemo" name="test2">
    <skipped/>
  </testcase> <!-- test2 -->
  <system-out/>
</testsuite> <!-- testNG.TestNGdemo -->
