<?xml version="1.0" encoding="UTF-8"?>
<!-- Generated by org.testng.reporters.JUnitReportReporter -->
<testsuite hostname="LAPTOP-HN0PDKIO" failures="0" tests="1" name="testNG.Parameterisation" time="0.017" errors="0" timestamp="2024-11-14T10:36:50 IST" skipped="0">
  <testcase classname="testNG.Parameterisation" name="para" time="0.017"/>
  <system-out/>
</testsuite> <!-- testNG.Parameterisation -->
