<?xml version="1.0" encoding="UTF-8"?>
<!-- Generated by org.testng.reporters.JUnitReportReporter -->
<testsuite hostname="LAPTOP-HN0PDKIO" failures="0" tests="1" name="testPackage.LoginTest" time="0.436" errors="0" timestamp="2024-11-21T10:48:06 IST" skipped="0">
  <testcase classname="testPackage.LoginTest" name="testLogin" time="0.436"/>
  <system-out/>
</testsuite> <!-- testPackage.LoginTest -->
