<?xml version="1.0" encoding="UTF-8"?>
<!-- Generated by org.testng.reporters.JUnitReportReporter -->
<testsuite hostname="LAPTOP-HN0PDKIO" failures="0" tests="1" name="testNG.Ebay" time="3.526" errors="0" timestamp="2024-11-17T13:56:39 IST" skipped="0">
  <testcase classname="testNG.Ebay" name="mousehover" time="3.526"/>
  <system-out/>
</testsuite> <!-- testNG.Ebay -->
