<?xml version="1.0" encoding="UTF-8"?>
<!-- Generated by org.testng.reporters.JUnitReportReporter -->
<testsuite hostname="LAPTOP-HN0PDKIO" failures="0" tests="1" name="testNG.ExcelFB" time="31.082" errors="0" timestamp="2024-11-19T21:36:04 IST" skipped="0">
  <testcase classname="testNG.ExcelFB" name="dataDrivenTest" time="31.082"/>
  <system-out/>
</testsuite> <!-- testNG.ExcelFB -->
