<?xml version="1.0" encoding="UTF-8"?>
<!-- Generated by org.testng.reporters.JUnitReportReporter -->
<testsuite hostname="LAPTOP-HN0PDKIO" failures="0" tests="1" name="testNG.AssertionLogin" time="1.769" errors="0" timestamp="2024-11-18T12:47:58 IST" skipped="0">
  <testcase classname="testNG.AssertionLogin" name="checkURL" time="1.769"/>
  <system-out/>
</testsuite> <!-- testNG.AssertionLogin -->
