<?xml version="1.0" encoding="UTF-8"?>
<!-- Generated by org.testng.reporters.JUnitReportReporter -->
<testsuite hostname="LAPTOP-HN0PDKIO" failures="0" tests="3" name="testNG.CrossBrowser" time="0.063" errors="0" timestamp="2024-11-14T11:25:30 IST" skipped="0">
  <testcase classname="testNG.CrossBrowser" name="title" time="0.014"/>
  <system-out/>
  <testcase classname="testNG.CrossBrowser" name="title" time="0.023"/>
  <system-out/>
  <testcase classname="testNG.CrossBrowser" name="title" time="0.026"/>
  <system-out/>
</testsuite> <!-- testNG.CrossBrowser -->
