<?xml version="1.0" encoding="UTF-8"?>
<!-- Generated by org.testng.reporters.JUnitReportReporter -->
<testsuite hostname="LAPTOP-HN0PDKIO" failures="0" tests="1" name="testNG.DatePicker" time="0.790" errors="0" timestamp="2024-11-17T15:08:57 IST" skipped="0">
  <testcase classname="testNG.DatePicker" name="date" time="0.790"/>
  <system-out/>
</testsuite> <!-- testNG.DatePicker -->
