<?xml version="1.0" encoding="UTF-8"?>
<!-- Generated by org.testng.reporters.JUnitReportReporter -->
<testsuite hostname="LAPTOP-HN0PDKIO" failures="0" tests="1" name="testNG.Google" time="0.315" errors="0" timestamp="2024-11-14T10:43:59 IST" skipped="0">
  <testcase classname="testNG.Google" name="execute" time="0.315"/>
  <system-out/>
</testsuite> <!-- testNG.Google -->
