<?xml version="1.0" encoding="UTF-8"?>
<!-- Generated by org.testng.reporters.JUnitReportReporter -->
<testsuite hostname="LAPTOP-HN0PDKIO" failures="0" tests="1" name="testNG.CopyPaste" time="0.712" errors="0" timestamp="2024-11-12T21:19:34 IST" skipped="0">
  <testcase classname="testNG.CopyPaste" name="execute" time="0.712"/>
  <system-out/>
</testsuite> <!-- testNG.CopyPaste -->
