<?xml version="1.0" encoding="UTF-8"?>
<!-- Generated by org.testng.reporters.JUnitReportReporter -->
<testsuite hostname="LAPTOP-HN0PDKIO" failures="0" tests="1" name="testNG.Trivago" time="0.703" errors="0" timestamp="2024-11-17T16:22:47 IST" skipped="0">
  <testcase classname="testNG.Trivago" name="datePicker" time="0.703"/>
  <system-out/>
</testsuite> <!-- testNG.Trivago -->
