<?xml version="1.0" encoding="UTF-8"?>
<!-- Generated by org.testng.reporters.JUnitReportReporter -->
<testsuite hostname="LAPTOP-HN0PDKIO" failures="0" tests="1" name="testNG.Amazon" time="3.977" errors="0" timestamp="2024-11-17T12:41:06 IST" skipped="0">
  <testcase classname="testNG.Amazon" name="func" time="3.977"/>
  <system-out/>
</testsuite> <!-- testNG.Amazon -->
